<?xml version="1.0" encoding="UTF-8"?>
<testsuite name="com.example.PrimeNumberTest" tests="8" skipped="0" failures="0" errors="0" timestamp="2017-12-08T15:40:55" hostname="DEVMW0195628" time="0.004">
  <properties/>
  <testcase name="minusOne" classname="com.example.PrimeNumberTest" time="0.002"/>
  <testcase name="one" classname="com.example.PrimeNumberTest" time="0.0"/>
  <testcase name="two" classname="com.example.PrimeNumberTest" time="0.0"/>
  <testcase name="five" classname="com.example.PrimeNumberTest" time="0.0"/>
  <testcase name="four" classname="com.example.PrimeNumberTest" time="0.0"/>
  <testcase name="zero" classname="com.example.PrimeNumberTest" time="0.0"/>
  <testcase name="seven" classname="com.example.PrimeNumberTest" time="0.0"/>
  <testcase name="three" classname="com.example.PrimeNumberTest" time="0.0"/>
  <system-out><![CDATA[False
False
True
True
False
False
True
True
]]></system-out>
  <system-err><![CDATA[]]></system-err>
</testsuite>
